<?xml version="1.0" encoding="UTF-8"?>
<!-- Generated by org.testng.reporters.JUnitReportReporter -->
<testsuite hostname="LAPTOP-DAPHEM15" failures="0" tests="7" name="employeetestclass.postEmployee" time="0.006" errors="0" timestamp="2020-11-01T22:55:53 IST" skipped="0">
  <testcase classname="employeetestclass.postEmployee" name="checkContentEncoding" time="0.001"/>
  <system-out/>
  <testcase classname="employeetestclass.postEmployee" name="checkServertype" time="0.001"/>
  <system-out/>
  <testcase classname="employeetestclass.postEmployee" name="checkStatuscode" time="0.000"/>
  <system-out/>
  <testcase classname="employeetestclass.postEmployee" name="checkResponseBody" time="0.001"/>
  <system-out/>
  <testcase classname="employeetestclass.postEmployee" name="checkStatusline" time="0.001"/>
  <system-out/>
  <testcase classname="employeetestclass.postEmployee" name="checkContenttype" time="0.001"/>
  <system-out/>
  <testcase classname="employeetestclass.postEmployee" name="checkResponsetime" time="0.001"/>
  <system-out/>
</testsuite> <!-- employeetestclass.postEmployee -->
