<?xml version="1.0" encoding="UTF-8"?>
<!-- Generated by org.testng.reporters.JUnitReportReporter -->
<testsuite hostname="LAPTOP-DAPHEM15" failures="0" tests="7" name="employeetestclass.getallEmplyees" time="0.041" errors="0" timestamp="2020-11-01T22:55:53 IST" skipped="0">
  <testcase classname="employeetestclass.getallEmplyees" name="checkContentEncoding" time="0.007"/>
  <system-out/>
  <testcase classname="employeetestclass.getallEmplyees" name="checkStatuscode" time="0.003"/>
  <system-out/>
  <testcase classname="employeetestclass.getallEmplyees" name="checkServertype" time="0.002"/>
  <system-out/>
  <testcase classname="employeetestclass.getallEmplyees" name="checkResponseBody" time="0.022"/>
  <system-out/>
  <testcase classname="employeetestclass.getallEmplyees" name="checkContenttype" time="0.003"/>
  <system-out/>
  <testcase classname="employeetestclass.getallEmplyees" name="checkResponsetime" time="0.003"/>
  <system-out/>
  <testcase classname="employeetestclass.getallEmplyees" name="checkStatusline" time="0.001"/>
  <system-out/>
</testsuite> <!-- employeetestclass.getallEmplyees -->
