<?xml version="1.0" encoding="UTF-8"?>
<!-- Generated by org.testng.reporters.JUnitReportReporter -->
<testsuite hostname="LAPTOP-DAPHEM15" failures="0" tests="7" name="employeetestclass.getsingleemplyee" time="0.009" errors="0" timestamp="2020-11-01T22:55:53 IST" skipped="0">
  <testcase classname="employeetestclass.getsingleemplyee" name="checkContenttype" time="0.001"/>
  <system-out/>
  <testcase classname="employeetestclass.getsingleemplyee" name="checkResponsetime" time="0.001"/>
  <system-out/>
  <testcase classname="employeetestclass.getsingleemplyee" name="checkServertype" time="0.001"/>
  <system-out/>
  <testcase classname="employeetestclass.getsingleemplyee" name="checkStatusline" time="0.001"/>
  <system-out/>
  <testcase classname="employeetestclass.getsingleemplyee" name="checkResponseBody" time="0.001"/>
  <system-out/>
  <testcase classname="employeetestclass.getsingleemplyee" name="checkStatuscode" time="0.002"/>
  <system-out/>
  <testcase classname="employeetestclass.getsingleemplyee" name="checkContentEncoding" time="0.002"/>
  <system-out/>
</testsuite> <!-- employeetestclass.getsingleemplyee -->
